<?xml version="1.0" encoding="UTF-8"?>
<!-- Generated by org.testng.reporters.JUnitReportReporter -->
<testsuite skipped="0" hostname="AMAC02VT0D4HV2D" name="com.accenture.TestCalculatorF.TestCalculadora" tests="1" failures="0" timestamp="10 jun 2018 17:19:56 GMT" time="23.967" errors="0">
  <testcase name="mytest" time="23.967" classname="com.accenture.TestCalculatorF.TestCalculadora"/>
</testsuite> <!-- com.accenture.TestCalculatorF.TestCalculadora -->
